Watching for file changes with StatReloader
Watching for file changes with StatReloader
"GET / HTTP/1.1" 200 27801
"GET /media/profile/avatars/avatar_web_developer.jpg HTTP/1.1" 200 4440159
Not Found: /favicon.ico
"GET /favicon.ico HTTP/1.1" 404 3830
Watching for file changes with StatReloader
"GET / HTTP/1.1" 200 27801
"GET /media/profile/avatars/avatar_web_developer.jpg HTTP/1.1" 200 4440159
"GET /about/ HTTP/1.1" 200 35508
"GET /about/ HTTP/1.1" 200 35508
Not Found: /favicon.ico
"GET /favicon.ico HTTP/1.1" 404 3830
"GET / HTTP/1.1" 200 27801
"GET /media/profile/avatars/avatar_web_developer.jpg HTTP/1.1" 304 0
"GET /about/ HTTP/1.1" 200 35508
"GET /courses/ HTTP/1.1" 200 29625
"GET /contact/ HTTP/1.1" 200 32276
"GET /courses/ HTTP/1.1" 200 29625
"GET /about/ HTTP/1.1" 200 35508
"GET / HTTP/1.1" 200 27801
"GET /about/ HTTP/1.1" 200 35508
"GET /courses/ HTTP/1.1" 200 29625
"GET /contact/ HTTP/1.1" 200 32276
"GET /courses/ HTTP/1.1" 200 29625
"GET /courses/?level=intermediate HTTP/1.1" 200 29625
"GET /courses/?level=advanced HTTP/1.1" 200 29625
"GET /courses/?level=intermediate HTTP/1.1" 200 29625
"GET /courses/?level=beginner HTTP/1.1" 200 29625
"GET /contact/ HTTP/1.1" 200 32276
"GET /about/ HTTP/1.1" 200 35508
"GET / HTTP/1.1" 200 27801
"GET /media/profile/avatars/avatar_web_developer.jpg HTTP/1.1" 304 0
"GET /courses/ HTTP/1.1" 200 29625
"GET /contact/ HTTP/1.1" 200 32276
"GET /courses/ HTTP/1.1" 200 29625
"GET /about/ HTTP/1.1" 200 35508
Watching for file changes with StatReloader
Watching for file changes with StatReloader
"GET / HTTP/1.1" 200 27794
Not Found: /profile/avatars/avatar_web_developer.jpg
"GET /profile/avatars/avatar_web_developer.jpg HTTP/1.1" 404 3917
Not Found: /favicon.ico
"GET /favicon.ico HTTP/1.1" 404 3830
"GET /about/ HTTP/1.1" 200 35508
"GET /courses/ HTTP/1.1" 200 29625
"GET /contact/ HTTP/1.1" 200 32276
"GET /contact/ HTTP/1.1" 200 32276
Watching for file changes with StatReloader
"GET / HTTP/1.1" 200 27794
Not Found: /profile/avatars/avatar_web_developer.jpg
"GET /profile/avatars/avatar_web_developer.jpg HTTP/1.1" 404 3917
Not Found: /favicon.ico
"GET /favicon.ico HTTP/1.1" 404 3830
"GET /admin/ HTTP/1.1" 200 10904
"GET /static/admin/css/responsive.css HTTP/1.1" 200 18533
"GET /static/admin/js/nav_sidebar.js HTTP/1.1" 200 3063
"GET /static/admin/css/base.css HTTP/1.1" 200 21207
"GET /static/admin/css/nav_sidebar.css HTTP/1.1" 200 2694
"GET /static/admin/js/theme.js HTTP/1.1" 200 1943
"GET /static/admin/css/dark_mode.css HTTP/1.1" 200 2929
"GET /static/admin/css/dashboard.css HTTP/1.1" 200 441
"GET /static/admin/img/icon-addlink.svg HTTP/1.1" 200 331
"GET /static/admin/img/icon-deletelink.svg HTTP/1.1" 200 392
"GET /static/admin/img/icon-changelink.svg HTTP/1.1" 200 380
"GET /admin/portfolio/blogpost/ HTTP/1.1" 200 11270
"GET /static/admin/css/changelists.css HTTP/1.1" 200 6566
"GET /static/admin/css/forms.css HTTP/1.1" 200 9047
"GET /static/admin/js/admin/RelatedObjectLookups.js HTTP/1.1" 200 8943
"GET /admin/jsi18n/ HTTP/1.1" 200 8817
"GET /static/admin/js/jquery.init.js HTTP/1.1" 200 347
"GET /static/admin/js/actions.js HTTP/1.1" 200 7872
"GET /static/admin/js/core.js HTTP/1.1" 200 5682
"GET /static/admin/js/prepopulate.js HTTP/1.1" 200 1531
"GET /static/admin/css/widgets.css HTTP/1.1" 200 11900
"GET /static/admin/js/urlify.js HTTP/1.1" 200 7887
"GET /static/admin/img/search.svg HTTP/1.1" 200 458
"GET /static/admin/js/vendor/jquery/jquery.js HTTP/1.1" 200 292458
"GET /static/admin/js/vendor/xregexp/xregexp.js HTTP/1.1" 200 232381
"GET /static/admin/js/filters.js HTTP/1.1" 200 978
"GET /static/admin/img/tooltag-add.svg HTTP/1.1" 200 331
"GET /admin/portfolio/profile/ HTTP/1.1" 200 12904
"GET /admin/jsi18n/ HTTP/1.1" 200 8817
"GET /admin/portfolio/profile/1/change/ HTTP/1.1" 200 21352
"GET /admin/jsi18n/ HTTP/1.1" 200 8817
"GET /static/admin/js/prepopulate_init.js HTTP/1.1" 200 586
"GET /static/admin/js/collapse.js HTTP/1.1" 200 1803
"GET /static/admin/js/change_form.js HTTP/1.1" 200 606
"POST /admin/portfolio/profile/1/change/ HTTP/1.1" 302 0
"GET /admin/portfolio/profile/ HTTP/1.1" 200 13126
"GET /admin/jsi18n/ HTTP/1.1" 200 8817
"GET /static/admin/img/icon-yes.svg HTTP/1.1" 200 436
"GET / HTTP/1.1" 200 27825
"GET /about/ HTTP/1.1" 200 35508
"GET /courses/ HTTP/1.1" 200 29625
"GET /contact/ HTTP/1.1" 200 32276
"GET /courses/ HTTP/1.1" 200 29625
"GET /about/ HTTP/1.1" 200 35508
"GET /courses/ HTTP/1.1" 200 29625
"GET /admin/portfolio/blogpost/ HTTP/1.1" 200 11270
"GET /admin/jsi18n/ HTTP/1.1" 200 8817
"GET /admin/portfolio/blogpost/add/ HTTP/1.1" 200 16394
"GET /admin/jsi18n/ HTTP/1.1" 200 8817
Watching for file changes with StatReloader
"GET / HTTP/1.1" 200 27825
Not Found: /favicon.ico
"GET /favicon.ico HTTP/1.1" 404 3830
"GET /about/ HTTP/1.1" 200 35508
"GET /courses/ HTTP/1.1" 200 29625
"GET /contact/ HTTP/1.1" 200 32276
"GET /courses/ HTTP/1.1" 200 29625
"GET /admin HTTP/1.1" 301 0
"GET /admin/ HTTP/1.1" 302 0
"GET /admin/login/?next=/admin/ HTTP/1.1" 200 4202
"GET /static/admin/css/base.css HTTP/1.1" 200 21207
"GET /static/admin/css/login.css HTTP/1.1" 200 958
"GET /static/admin/js/nav_sidebar.js HTTP/1.1" 200 3063
"GET /static/admin/css/nav_sidebar.css HTTP/1.1" 200 2694
"GET /static/admin/css/responsive.css HTTP/1.1" 200 18533
"GET /static/admin/css/dark_mode.css HTTP/1.1" 200 2929
"GET /static/admin/js/theme.js HTTP/1.1" 200 1943
"POST /admin/login/?next=/admin/ HTTP/1.1" 302 0
"GET /admin/ HTTP/1.1" 200 10918
"GET /static/admin/css/dashboard.css HTTP/1.1" 200 441
"GET /static/admin/img/icon-addlink.svg HTTP/1.1" 200 331
"GET /static/admin/img/icon-deletelink.svg HTTP/1.1" 200 392
"GET /static/admin/img/icon-changelink.svg HTTP/1.1" 200 380
"GET /admin/portfolio/blogpost/ HTTP/1.1" 200 11270
"GET /static/admin/css/changelists.css HTTP/1.1" 200 6566
"GET /static/admin/css/forms.css HTTP/1.1" 200 9047
"GET /static/admin/js/jquery.init.js HTTP/1.1" 200 347
"GET /static/admin/js/core.js HTTP/1.1" 200 5682
"GET /admin/jsi18n/ HTTP/1.1" 200 8817
"GET /static/admin/js/actions.js HTTP/1.1" 200 7872
"GET /static/admin/js/admin/RelatedObjectLookups.js HTTP/1.1" 200 8943
"GET /static/admin/js/urlify.js HTTP/1.1" 200 7887
"GET /static/admin/css/widgets.css HTTP/1.1" 200 11900
"GET /static/admin/img/search.svg HTTP/1.1" 200 458
"GET /static/admin/js/vendor/jquery/jquery.js HTTP/1.1" 200 292458
"GET /static/admin/js/prepopulate.js HTTP/1.1" 200 1531
"GET /static/admin/js/filters.js HTTP/1.1" 200 978
"GET /static/admin/js/vendor/xregexp/xregexp.js HTTP/1.1" 200 232381
"GET /static/admin/img/tooltag-add.svg HTTP/1.1" 200 331
"GET /admin/portfolio/podcastepisode/ HTTP/1.1" 200 15570
"GET /admin/jsi18n/ HTTP/1.1" 200 8817
"GET /static/admin/img/sorting-icons.svg HTTP/1.1" 200 1097
"GET /admin/portfolio/profile/ HTTP/1.1" 200 12904
"GET /admin/jsi18n/ HTTP/1.1" 200 8817
"GET /admin/portfolio/contactmessage/ HTTP/1.1" 200 11278
"GET /admin/jsi18n/ HTTP/1.1" 200 8817
"GET /admin/portfolio/contactmessage/add/ HTTP/1.1" 200 13447
"GET /admin/jsi18n/ HTTP/1.1" 200 8817
"GET /static/admin/js/prepopulate_init.js HTTP/1.1" 200 586
"GET /static/admin/js/change_form.js HTTP/1.1" 200 606
"GET /admin/portfolio/blogpost/ HTTP/1.1" 200 11270
"GET /admin/jsi18n/ HTTP/1.1" 200 8817
"GET /admin/portfolio/course/ HTTP/1.1" 200 11596
"GET /admin/jsi18n/ HTTP/1.1" 200 8817
"GET /admin/portfolio/podcastepisode/ HTTP/1.1" 200 15570
"GET /admin/jsi18n/ HTTP/1.1" 200 8817
"GET / HTTP/1.1" 200 27825
"GET /courses/ HTTP/1.1" 200 29625
"GET /admin/portfolio/profile/ HTTP/1.1" 200 12904
"GET /admin/jsi18n/ HTTP/1.1" 200 8817
"GET /admin/portfolio/course/ HTTP/1.1" 200 11596
"GET /admin/jsi18n/ HTTP/1.1" 200 8817
"GET /admin/portfolio/course/ HTTP/1.1" 200 11596
"GET /admin/jsi18n/ HTTP/1.1" 200 8817
"GET /admin/portfolio/course/add/ HTTP/1.1" 200 18257
"GET /admin/jsi18n/ HTTP/1.1" 200 8817
"GET /static/admin/js/collapse.js HTTP/1.1" 200 1803
"GET /admin/portfolio/podcastepisode/ HTTP/1.1" 200 15570
"GET /admin/jsi18n/ HTTP/1.1" 200 8817
"GET /admin/portfolio/course/ HTTP/1.1" 200 11596
"GET /admin/jsi18n/ HTTP/1.1" 200 8817
"GET /admin/portfolio/course/add/ HTTP/1.1" 200 18257
"GET /admin/jsi18n/ HTTP/1.1" 200 8817
"GET /admin/portfolio/blogpost/ HTTP/1.1" 200 11270
"GET /admin/jsi18n/ HTTP/1.1" 200 8817
"GET /about/ HTTP/1.1" 200 35508
"GET /courses/ HTTP/1.1" 200 29625
"GET /admin/portfolio/blogpost/add/ HTTP/1.1" 200 16394
"GET /admin/jsi18n/ HTTP/1.1" 200 8817
Not Found: /terms-conditions
"GET /terms-conditions HTTP/1.1" 404 3845
"GET / HTTP/1.1" 200 27825
"GET /about/ HTTP/1.1" 200 35508
"GET /courses/ HTTP/1.1" 200 29625
"GET /contact/ HTTP/1.1" 200 32276
"GET /admin/portfolio/blogpost/add/ HTTP/1.1" 200 16394
"GET /admin/jsi18n/ HTTP/1.1" 200 8817
"GET /admin/portfolio/ HTTP/1.1" 200 6981
"GET /admin/portfolio/blogpost/ HTTP/1.1" 200 11270
"GET /admin/jsi18n/ HTTP/1.1" 200 8817
"GET /admin/portfolio/profile/ HTTP/1.1" 200 12904
"GET /admin/jsi18n/ HTTP/1.1" 200 8817
"GET /admin/portfolio/podcastepisode/ HTTP/1.1" 200 15570
"GET /admin/jsi18n/ HTTP/1.1" 200 8817
"GET /admin/portfolio/course/ HTTP/1.1" 200 11596
"GET /admin/jsi18n/ HTTP/1.1" 200 8817
"GET /contact/ HTTP/1.1" 200 32276
"GET /courses/ HTTP/1.1" 200 29625
"GET /courses/?level=beginner HTTP/1.1" 200 29625
"GET /courses/?level=intermediate HTTP/1.1" 200 29625
"GET /courses/?level=api HTTP/1.1" 200 29625
"GET /about/ HTTP/1.1" 200 35508
"GET / HTTP/1.1" 200 27825
"GET /courses/ HTTP/1.1" 200 29625
"GET /courses/ HTTP/1.1" 200 29625
C:\Users\Y7000P\Desktop\New\portfolio\portfolio_site\settings.py changed, reloading.
Watching for file changes with StatReloader
C:\Users\Y7000P\Desktop\New\portfolio\portfolio_site\settings.py changed, reloading.
Watching for file changes with StatReloader
C:\Users\Y7000P\Desktop\New\portfolio\portfolio_site\urls.py changed, reloading.
Watching for file changes with StatReloader
C:\Users\Y7000P\Desktop\New\portfolio\portfolio\api_urls.py changed, reloading.
Watching for file changes with StatReloader
Watching for file changes with StatReloader
"GET / HTTP/1.1" 200 27825
Not Found: /favicon.ico
"GET /favicon.ico HTTP/1.1" 404 3934
"GET /api/courses/? HTTP/1.1" 200 52
"GET /api/blog/? HTTP/1.1" 200 52
"GET /api/courses/? HTTP/1.1" 200 52
"GET /api/blog/? HTTP/1.1" 200 52
"GET /api/profile/ HTTP/1.1" 200 1142
"GET /api/podcast/? HTTP/1.1" 200 1316
"GET /api/profile/ HTTP/1.1" 200 1142
"GET /api/podcast/? HTTP/1.1" 200 1316
"GET /api/courses/? HTTP/1.1" 200 52
"GET /api/courses/? HTTP/1.1" 200 52
"GET /api/courses/? HTTP/1.1" 200 52
Watching for file changes with StatReloader
Watching for file changes with StatReloader
"GET / HTTP/1.1" 200 27825
Not Found: /favicon.ico
"GET /favicon.ico HTTP/1.1" 404 3934
"GET /about/ HTTP/1.1" 200 35508
"GET /courses/ HTTP/1.1" 200 29625
"GET /contact/ HTTP/1.1" 200 32276
"GET /courses/ HTTP/1.1" 200 29625
"GET /about/ HTTP/1.1" 200 35508
"GET /admin/ HTTP/1.1" 200 10918
"GET /admin/ HTTP/1.1" 200 10918
"GET /admin/portfolio/blogpost/ HTTP/1.1" 200 11270
"GET /admin/jsi18n/ HTTP/1.1" 200 8817
"GET /admin/portfolio/blogpost/add/ HTTP/1.1" 200 16394
"GET /admin/jsi18n/ HTTP/1.1" 200 8817
"POST /admin/portfolio/blogpost/add/ HTTP/1.1" 200 16621
"GET /admin/jsi18n/ HTTP/1.1" 200 8817
"POST /admin/portfolio/blogpost/add/ HTTP/1.1" 302 0
"GET /admin/portfolio/blogpost/ HTTP/1.1" 200 14273
"GET /admin/jsi18n/ HTTP/1.1" 200 8817
"GET /static/admin/img/icon-yes.svg HTTP/1.1" 200 436
"GET / HTTP/1.1" 200 27825
"GET /about/ HTTP/1.1" 200 35508
"GET /courses/ HTTP/1.1" 200 29625
"GET /contact/ HTTP/1.1" 200 32276
"GET /courses/ HTTP/1.1" 200 29625
"POST /admin/portfolio/blogpost/ HTTP/1.1" 200 9005
"GET /static/admin/js/cancel.js HTTP/1.1" 200 884
"POST /admin/portfolio/blogpost/ HTTP/1.1" 302 0
"GET /admin/portfolio/blogpost/ HTTP/1.1" 200 11414
"GET /admin/jsi18n/ HTTP/1.1" 200 8817
"GET /admin/portfolio/course/ HTTP/1.1" 200 11596
"GET /admin/jsi18n/ HTTP/1.1" 200 8817
"GET /admin/portfolio/course/add/ HTTP/1.1" 200 18257
"GET /admin/jsi18n/ HTTP/1.1" 200 8817
"POST /admin/portfolio/course/add/ HTTP/1.1" 302 0
"GET /admin/portfolio/course/ HTTP/1.1" 200 14968
"GET /admin/jsi18n/ HTTP/1.1" 200 8817
"GET / HTTP/1.1" 200 27825
"GET /courses/ HTTP/1.1" 200 30598
"GET /admin/portfolio/course/add/ HTTP/1.1" 200 18257
"GET /admin/jsi18n/ HTTP/1.1" 200 8817
C:\Users\Y7000P\Desktop\New\portfolio\portfolio\models.py changed, reloading.
Watching for file changes with StatReloader
C:\Users\Y7000P\Desktop\New\portfolio\portfolio\admin.py changed, reloading.
Watching for file changes with StatReloader
C:\Users\Y7000P\Desktop\New\portfolio\portfolio\admin.py changed, reloading.
Watching for file changes with StatReloader
C:\Users\Y7000P\Desktop\New\portfolio\portfolio\views.py changed, reloading.
Watching for file changes with StatReloader
C:\Users\Y7000P\Desktop\New\portfolio\portfolio\views.py changed, reloading.
Watching for file changes with StatReloader
C:\Users\Y7000P\Desktop\New\portfolio\portfolio\views.py changed, reloading.
Watching for file changes with StatReloader
C:\Users\Y7000P\Desktop\New\portfolio\portfolio\serializers.py changed, reloading.
Watching for file changes with StatReloader
C:\Users\Y7000P\Desktop\New\portfolio\portfolio\serializers.py changed, reloading.
Watching for file changes with StatReloader
C:\Users\Y7000P\Desktop\New\portfolio\portfolio\api_views.py changed, reloading.
Watching for file changes with StatReloader
C:\Users\Y7000P\Desktop\New\portfolio\portfolio\api_views.py changed, reloading.
Watching for file changes with StatReloader
C:\Users\Y7000P\Desktop\New\portfolio\portfolio\api_views.py changed, reloading.
Watching for file changes with StatReloader
C:\Users\Y7000P\Desktop\New\portfolio\portfolio\api_views.py changed, reloading.
Watching for file changes with StatReloader
C:\Users\Y7000P\Desktop\New\portfolio\portfolio\api_urls.py changed, reloading.
Watching for file changes with StatReloader
Watching for file changes with StatReloader
"GET /courses/ HTTP/1.1" 200 29625
"GET / HTTP/1.1" 200 27944
"GET /about/ HTTP/1.1" 200 35508
"GET / HTTP/1.1" 200 27944
"GET /about/ HTTP/1.1" 200 35508
"GET /courses/ HTTP/1.1" 200 29625
"GET /courses/?level=beginner HTTP/1.1" 200 29625
"GET /courses/?level=intermediate HTTP/1.1" 200 29625
"GET /courses/?level=advanced HTTP/1.1" 200 29625
"GET /courses/?level=api HTTP/1.1" 200 29625
"GET /about/ HTTP/1.1" 200 35508
"GET /about/ HTTP/1.1" 200 35507
"GET /courses/ HTTP/1.1" 200 29625
"GET /contact/ HTTP/1.1" 200 32242
"GET /courses/ HTTP/1.1" 200 29625
"GET /contact/ HTTP/1.1" 200 32242
"GET / HTTP/1.1" 200 27944
"GET /courses/ HTTP/1.1" 200 29625
"GET /courses/?level=intermediate HTTP/1.1" 200 29625
"GET /courses/?level=advanced HTTP/1.1" 200 29625
"GET /courses/?level=intermediate HTTP/1.1" 200 29625
"GET /courses/?level=beginner HTTP/1.1" 200 29625
"GET /courses/?level=beginner HTTP/1.1" 200 29625
Not Found: /base
"GET /base HTTP/1.1" 404 3913
"GET /courses HTTP/1.1" 301 0
"GET /courses/ HTTP/1.1" 200 29625
"GET /courses/ HTTP/1.1" 200 29113
"GET /admin/portfolio/course/add/ HTTP/1.1" 302 0
"GET /admin/login/?next=/admin/portfolio/course/add/ HTTP/1.1" 200 4244
"GET /static/admin/css/login.css HTTP/1.1" 200 958
"GET /admin/login/?next=/admin/portfolio/course/add/ HTTP/1.1" 200 4244
"POST /admin/login/?next=/admin/portfolio/course/add/ HTTP/1.1" 302 0
"GET /admin/portfolio/course/add/ HTTP/1.1" 200 21831
"GET /admin/jsi18n/ HTTP/1.1" 200 8817
"GET /static/admin/img/icon-viewlink.svg HTTP/1.1" 200 581
"GET /admin/portfolio/category/ HTTP/1.1" 200 11172
"GET /admin/jsi18n/ HTTP/1.1" 200 8817
"GET /admin/portfolio/category/add/ HTTP/1.1" 200 14267
"GET /admin/jsi18n/ HTTP/1.1" 200 8817
"POST /admin/portfolio/category/add/ HTTP/1.1" 302 0
"GET /admin/portfolio/category/ HTTP/1.1" 200 13685
"GET /admin/jsi18n/ HTTP/1.1" 200 8817
"GET /static/admin/img/icon-yes.svg HTTP/1.1" 304 0
"GET /courses/ HTTP/1.1" 200 29362
"GET /courses/?category=django HTTP/1.1" 200 29411
"GET /courses/ HTTP/1.1" 200 29362
"GET /courses/?category=django HTTP/1.1" 200 29411
"GET /courses/ HTTP/1.1" 200 29362
"GET /courses/?category=django HTTP/1.1" 200 29411
"GET /courses/ HTTP/1.1" 200 29362
"GET /courses/?category=django HTTP/1.1" 200 29411
"GET /courses/ HTTP/1.1" 200 29362
"GET /admin/portfolio/profile/ HTTP/1.1" 200 11203
"GET /admin/jsi18n/ HTTP/1.1" 200 8817
"GET /admin/portfolio/course/ HTTP/1.1" 200 12191
"GET /admin/jsi18n/ HTTP/1.1" 200 8817
"GET /admin/portfolio/course/add/ HTTP/1.1" 200 21868
"GET /admin/jsi18n/ HTTP/1.1" 200 8817
"GET /admin/portfolio/course/add/ HTTP/1.1" 200 21868
"GET /admin/jsi18n/ HTTP/1.1" 200 8817
"GET /static/admin/img/icon-viewlink.svg HTTP/1.1" 304 0
"POST /admin/portfolio/course/add/ HTTP/1.1" 302 0
"GET /admin/portfolio/course/ HTTP/1.1" 200 15854
"GET /admin/jsi18n/ HTTP/1.1" 200 8817
"GET /static/admin/img/icon-yes.svg HTTP/1.1" 304 0
"GET /courses/ HTTP/1.1" 200 30450
"GET /courses/portfolio-website/ HTTP/1.1" 200 27242
"GET /courses/portfolio-website/ HTTP/1.1" 200 46519
"GET /courses/?category=django HTTP/1.1" 200 30499
"GET /courses/portfolio-website/ HTTP/1.1" 200 46519
"GET /courses/ HTTP/1.1" 200 30450
"GET /courses/portfolio-website/ HTTP/1.1" 200 46519
"GET /courses/portfolio-website/ HTTP/1.1" 200 46519
"GET /courses/portfolio-website/ HTTP/1.1" 200 46519
Not Found: /.well-known/appspecific/com.chrome.devtools.json
"GET /.well-known/appspecific/com.chrome.devtools.json HTTP/1.1" 404 4045
"GET /courses/portfolio-website/ HTTP/1.1" 200 46519
Not Found: /.well-known/appspecific/com.chrome.devtools.json
"GET /.well-known/appspecific/com.chrome.devtools.json HTTP/1.1" 404 4045
"GET /courses/portfolio-website/ HTTP/1.1" 200 46519
Not Found: /.well-known/appspecific/com.chrome.devtools.json
"GET /.well-known/appspecific/com.chrome.devtools.json HTTP/1.1" 404 4045
"GET /courses/portfolio-website/ HTTP/1.1" 200 46519
Not Found: /.well-known/appspecific/com.chrome.devtools.json
"GET /.well-known/appspecific/com.chrome.devtools.json HTTP/1.1" 404 4045
"GET /courses/ HTTP/1.1" 200 30450
Not Found: /.well-known/appspecific/com.chrome.devtools.json
"GET /.well-known/appspecific/com.chrome.devtools.json HTTP/1.1" 404 4045
"GET /about/ HTTP/1.1" 200 35507
Not Found: /.well-known/appspecific/com.chrome.devtools.json
"GET /.well-known/appspecific/com.chrome.devtools.json HTTP/1.1" 404 4045
"GET /courses/ HTTP/1.1" 200 30450
Not Found: /.well-known/appspecific/com.chrome.devtools.json
"GET /.well-known/appspecific/com.chrome.devtools.json HTTP/1.1" 404 4045
"GET /courses/?category=django HTTP/1.1" 200 30499
Not Found: /.well-known/appspecific/com.chrome.devtools.json
"GET /.well-known/appspecific/com.chrome.devtools.json HTTP/1.1" 404 4045
"GET /courses/portfolio-website/ HTTP/1.1" 200 46519
Not Found: /.well-known/appspecific/com.chrome.devtools.json
"GET /.well-known/appspecific/com.chrome.devtools.json HTTP/1.1" 404 4045
"GET /courses/portfolio-website/ HTTP/1.1" 200 50352
"GET /courses/portfolio-website/ HTTP/1.1" 200 50352
"GET /courses/portfolio-website/ HTTP/1.1" 200 50352
"GET /courses/portfolio-website/ HTTP/1.1" 200 50352
"GET /courses/portfolio-website/ HTTP/1.1" 200 50352
"GET /courses/portfolio-website/ HTTP/1.1" 200 50342
"GET /courses/portfolio-website/ HTTP/1.1" 200 50342
"GET /courses/portfolio-website/ HTTP/1.1" 200 50342
"GET /courses/portfolio-website/ HTTP/1.1" 200 50342
Not Found: /favicon.ico
"GET /favicon.ico HTTP/1.1" 404 3934
"GET /courses/portfolio-website/ HTTP/1.1" 200 50342
"GET /courses/portfolio-website/ HTTP/1.1" 200 50342
"GET /courses/?category=django HTTP/1.1" 200 30499
"GET /courses/portfolio-website/ HTTP/1.1" 200 50342
"GET /courses/ HTTP/1.1" 200 30450
"GET /about/ HTTP/1.1" 200 35507
"GET /contact/ HTTP/1.1" 200 32242
"GET /contact/ HTTP/1.1" 200 32276
"GET / HTTP/1.1" 200 33600
"GET /static/site.webmanifest HTTP/1.1" 404 1807
"GET /static/favicon.ico HTTP/1.1" 404 1792
"GET /static/favicon-32x32.png HTTP/1.1" 404 1810
"GET /static/favicon-16x16.png HTTP/1.1" 404 1810
"GET /about/ HTTP/1.1" 200 41181
"GET /static/site.webmanifest HTTP/1.1" 404 1807
"GET /courses/ HTTP/1.1" 200 36130
"GET /static/site.webmanifest HTTP/1.1" 404 1807
"GET /contact/ HTTP/1.1" 200 37956
"GET /static/site.webmanifest HTTP/1.1" 404 1807
"GET / HTTP/1.1" 200 33600
"GET /static/site.webmanifest HTTP/1.1" 200 1814
"GET /static/apple-touch-icon.png HTTP/1.1" 404 1819
"GET / HTTP/1.1" 200 33600
"GET /static/site.webmanifest HTTP/1.1" 304 0
"GET /static/apple-touch-icon.png HTTP/1.1" 404 1819
"GET /about/ HTTP/1.1" 200 41181
"GET /static/site.webmanifest HTTP/1.1" 304 0
"GET /static/apple-touch-icon.png HTTP/1.1" 404 1819
"GET /static/apple-touch-icon.png HTTP/1.1" 404 1819
C:\Users\Y7000P\Desktop\New\portfolio\portfolio_site\urls.py changed, reloading.
Watching for file changes with StatReloader
C:\Users\Y7000P\Desktop\New\portfolio\portfolio_site\urls.py changed, reloading.
Watching for file changes with StatReloader
C:\Users\Y7000P\Desktop\New\portfolio\portfolio_site\urls.py changed, reloading.
Watching for file changes with StatReloader
"GET / HTTP/1.1" 200 27944
"GET /courses/ HTTP/1.1" 200 30450
"GET /courses/portfolio-website/ HTTP/1.1" 200 50342
"GET / HTTP/1.1" 200 27944
Internal Server Error: /
Traceback (most recent call last):
  File "c:\Users\Y7000P\Desktop\New\portfolio\.venv\Lib\site-packages\django\template\base.py", line 505, in parse
    compile_func = self.tags[command]
                   ~~~~~~~~~^^^^^^^^^
KeyError: 'static'

During handling of the above exception, another exception occurred:

Traceback (most recent call last):
  File "c:\Users\Y7000P\Desktop\New\portfolio\.venv\Lib\site-packages\django\core\handlers\exception.py", line 55, in inner
    response = get_response(request)
               ^^^^^^^^^^^^^^^^^^^^^
  File "c:\Users\Y7000P\Desktop\New\portfolio\.venv\Lib\site-packages\django\core\handlers\base.py", line 197, in _get_response
    response = wrapped_callback(request, *callback_args, **callback_kwargs)
               ^^^^^^^^^^^^^^^^^^^^^^^^^^^^^^^^^^^^^^^^^^^^^^^^^^^^^^^^^^^^
  File "C:\Users\Y7000P\Desktop\New\portfolio\portfolio\views.py", line 25, in home_view
    return render(request, 'portfolio/home.html', context)
           ^^^^^^^^^^^^^^^^^^^^^^^^^^^^^^^^^^^^^^^^^^^^^^^
  File "c:\Users\Y7000P\Desktop\New\portfolio\.venv\Lib\site-packages\django\shortcuts.py", line 24, in render
    content = loader.render_to_string(template_name, context, request, using=using)
              ^^^^^^^^^^^^^^^^^^^^^^^^^^^^^^^^^^^^^^^^^^^^^^^^^^^^^^^^^^^^^^^^^^^^^
  File "c:\Users\Y7000P\Desktop\New\portfolio\.venv\Lib\site-packages\django\template\loader.py", line 62, in render_to_string
    return template.render(context, request)
           ^^^^^^^^^^^^^^^^^^^^^^^^^^^^^^^^^
  File "c:\Users\Y7000P\Desktop\New\portfolio\.venv\Lib\site-packages\django\template\backends\django.py", line 61, in render
    return self.template.render(context)
           ^^^^^^^^^^^^^^^^^^^^^^^^^^^^^
  File "c:\Users\Y7000P\Desktop\New\portfolio\.venv\Lib\site-packages\django\template\base.py", line 175, in render
    return self._render(context)
           ^^^^^^^^^^^^^^^^^^^^^
  File "c:\Users\Y7000P\Desktop\New\portfolio\.venv\Lib\site-packages\django\template\base.py", line 167, in _render
    return self.nodelist.render(context)
           ^^^^^^^^^^^^^^^^^^^^^^^^^^^^^
  File "c:\Users\Y7000P\Desktop\New\portfolio\.venv\Lib\site-packages\django\template\base.py", line 1005, in render
    return SafeString("".join([node.render_annotated(context) for node in self]))
                               ^^^^^^^^^^^^^^^^^^^^^^^^^^^^^^
  File "c:\Users\Y7000P\Desktop\New\portfolio\.venv\Lib\site-packages\django\template\base.py", line 966, in render_annotated
    return self.render(context)
           ^^^^^^^^^^^^^^^^^^^^
  File "c:\Users\Y7000P\Desktop\New\portfolio\.venv\Lib\site-packages\django\template\loader_tags.py", line 132, in render
    compiled_parent = self.get_parent(context)
                      ^^^^^^^^^^^^^^^^^^^^^^^^
  File "c:\Users\Y7000P\Desktop\New\portfolio\.venv\Lib\site-packages\django\template\loader_tags.py", line 129, in get_parent
    return self.find_template(parent, context)
           ^^^^^^^^^^^^^^^^^^^^^^^^^^^^^^^^^^^
  File "c:\Users\Y7000P\Desktop\New\portfolio\.venv\Lib\site-packages\django\template\loader_tags.py", line 107, in find_template
    template, origin = context.template.engine.find_template(
                       ^^^^^^^^^^^^^^^^^^^^^^^^^^^^^^^^^^^^^^
  File "c:\Users\Y7000P\Desktop\New\portfolio\.venv\Lib\site-packages\django\template\engine.py", line 157, in find_template
    template = loader.get_template(name, skip=skip)
               ^^^^^^^^^^^^^^^^^^^^^^^^^^^^^^^^^^^^
  File "c:\Users\Y7000P\Desktop\New\portfolio\.venv\Lib\site-packages\django\template\loaders\cached.py", line 57, in get_template
    template = super().get_template(template_name, skip)
               ^^^^^^^^^^^^^^^^^^^^^^^^^^^^^^^^^^^^^^^^^
  File "c:\Users\Y7000P\Desktop\New\portfolio\.venv\Lib\site-packages\django\template\loaders\base.py", line 28, in get_template
    return Template(
           ^^^^^^^^^
  File "c:\Users\Y7000P\Desktop\New\portfolio\.venv\Lib\site-packages\django\template\base.py", line 154, in __init__
    self.nodelist = self.compile_nodelist()
                    ^^^^^^^^^^^^^^^^^^^^^^^
  File "c:\Users\Y7000P\Desktop\New\portfolio\.venv\Lib\site-packages\django\template\base.py", line 200, in compile_nodelist
    return parser.parse()
           ^^^^^^^^^^^^^^
  File "c:\Users\Y7000P\Desktop\New\portfolio\.venv\Lib\site-packages\django\template\base.py", line 507, in parse
    self.invalid_block_tag(token, command, parse_until)
  File "c:\Users\Y7000P\Desktop\New\portfolio\.venv\Lib\site-packages\django\template\base.py", line 568, in invalid_block_tag
    raise self.error(
django.template.exceptions.TemplateSyntaxError: Invalid block tag on line 29: 'static'. Did you forget to register or load this tag?
"GET / HTTP/1.1" 500 193547
Internal Server Error: /
Traceback (most recent call last):
  File "c:\Users\Y7000P\Desktop\New\portfolio\.venv\Lib\site-packages\django\template\base.py", line 505, in parse
    compile_func = self.tags[command]
                   ~~~~~~~~~^^^^^^^^^
KeyError: 'static'

During handling of the above exception, another exception occurred:

Traceback (most recent call last):
  File "c:\Users\Y7000P\Desktop\New\portfolio\.venv\Lib\site-packages\django\core\handlers\exception.py", line 55, in inner
    response = get_response(request)
               ^^^^^^^^^^^^^^^^^^^^^
  File "c:\Users\Y7000P\Desktop\New\portfolio\.venv\Lib\site-packages\django\core\handlers\base.py", line 197, in _get_response
    response = wrapped_callback(request, *callback_args, **callback_kwargs)
               ^^^^^^^^^^^^^^^^^^^^^^^^^^^^^^^^^^^^^^^^^^^^^^^^^^^^^^^^^^^^
  File "C:\Users\Y7000P\Desktop\New\portfolio\portfolio\views.py", line 25, in home_view
    return render(request, 'portfolio/home.html', context)
           ^^^^^^^^^^^^^^^^^^^^^^^^^^^^^^^^^^^^^^^^^^^^^^^
  File "c:\Users\Y7000P\Desktop\New\portfolio\.venv\Lib\site-packages\django\shortcuts.py", line 24, in render
    content = loader.render_to_string(template_name, context, request, using=using)
              ^^^^^^^^^^^^^^^^^^^^^^^^^^^^^^^^^^^^^^^^^^^^^^^^^^^^^^^^^^^^^^^^^^^^^
  File "c:\Users\Y7000P\Desktop\New\portfolio\.venv\Lib\site-packages\django\template\loader.py", line 62, in render_to_string
    return template.render(context, request)
           ^^^^^^^^^^^^^^^^^^^^^^^^^^^^^^^^^
  File "c:\Users\Y7000P\Desktop\New\portfolio\.venv\Lib\site-packages\django\template\backends\django.py", line 61, in render
    return self.template.render(context)
           ^^^^^^^^^^^^^^^^^^^^^^^^^^^^^
  File "c:\Users\Y7000P\Desktop\New\portfolio\.venv\Lib\site-packages\django\template\base.py", line 175, in render
    return self._render(context)
           ^^^^^^^^^^^^^^^^^^^^^
  File "c:\Users\Y7000P\Desktop\New\portfolio\.venv\Lib\site-packages\django\template\base.py", line 167, in _render
    return self.nodelist.render(context)
           ^^^^^^^^^^^^^^^^^^^^^^^^^^^^^
  File "c:\Users\Y7000P\Desktop\New\portfolio\.venv\Lib\site-packages\django\template\base.py", line 1005, in render
    return SafeString("".join([node.render_annotated(context) for node in self]))
                               ^^^^^^^^^^^^^^^^^^^^^^^^^^^^^^
  File "c:\Users\Y7000P\Desktop\New\portfolio\.venv\Lib\site-packages\django\template\base.py", line 966, in render_annotated
    return self.render(context)
           ^^^^^^^^^^^^^^^^^^^^
  File "c:\Users\Y7000P\Desktop\New\portfolio\.venv\Lib\site-packages\django\template\loader_tags.py", line 132, in render
    compiled_parent = self.get_parent(context)
                      ^^^^^^^^^^^^^^^^^^^^^^^^
  File "c:\Users\Y7000P\Desktop\New\portfolio\.venv\Lib\site-packages\django\template\loader_tags.py", line 129, in get_parent
    return self.find_template(parent, context)
           ^^^^^^^^^^^^^^^^^^^^^^^^^^^^^^^^^^^
  File "c:\Users\Y7000P\Desktop\New\portfolio\.venv\Lib\site-packages\django\template\loader_tags.py", line 107, in find_template
    template, origin = context.template.engine.find_template(
                       ^^^^^^^^^^^^^^^^^^^^^^^^^^^^^^^^^^^^^^
  File "c:\Users\Y7000P\Desktop\New\portfolio\.venv\Lib\site-packages\django\template\engine.py", line 157, in find_template
    template = loader.get_template(name, skip=skip)
               ^^^^^^^^^^^^^^^^^^^^^^^^^^^^^^^^^^^^
  File "c:\Users\Y7000P\Desktop\New\portfolio\.venv\Lib\site-packages\django\template\loaders\cached.py", line 57, in get_template
    template = super().get_template(template_name, skip)
               ^^^^^^^^^^^^^^^^^^^^^^^^^^^^^^^^^^^^^^^^^
  File "c:\Users\Y7000P\Desktop\New\portfolio\.venv\Lib\site-packages\django\template\loaders\base.py", line 28, in get_template
    return Template(
           ^^^^^^^^^
  File "c:\Users\Y7000P\Desktop\New\portfolio\.venv\Lib\site-packages\django\template\base.py", line 154, in __init__
    self.nodelist = self.compile_nodelist()
                    ^^^^^^^^^^^^^^^^^^^^^^^
  File "c:\Users\Y7000P\Desktop\New\portfolio\.venv\Lib\site-packages\django\template\base.py", line 200, in compile_nodelist
    return parser.parse()
           ^^^^^^^^^^^^^^
  File "c:\Users\Y7000P\Desktop\New\portfolio\.venv\Lib\site-packages\django\template\base.py", line 507, in parse
    self.invalid_block_tag(token, command, parse_until)
  File "c:\Users\Y7000P\Desktop\New\portfolio\.venv\Lib\site-packages\django\template\base.py", line 568, in invalid_block_tag
    raise self.error(
django.template.exceptions.TemplateSyntaxError: Invalid block tag on line 29: 'static'. Did you forget to register or load this tag?
"GET / HTTP/1.1" 500 193555
Internal Server Error: /
Traceback (most recent call last):
  File "c:\Users\Y7000P\Desktop\New\portfolio\.venv\Lib\site-packages\django\template\base.py", line 505, in parse
    compile_func = self.tags[command]
                   ~~~~~~~~~^^^^^^^^^
KeyError: 'static'

During handling of the above exception, another exception occurred:

Traceback (most recent call last):
  File "c:\Users\Y7000P\Desktop\New\portfolio\.venv\Lib\site-packages\django\core\handlers\exception.py", line 55, in inner
    response = get_response(request)
               ^^^^^^^^^^^^^^^^^^^^^
  File "c:\Users\Y7000P\Desktop\New\portfolio\.venv\Lib\site-packages\django\core\handlers\base.py", line 197, in _get_response
    response = wrapped_callback(request, *callback_args, **callback_kwargs)
               ^^^^^^^^^^^^^^^^^^^^^^^^^^^^^^^^^^^^^^^^^^^^^^^^^^^^^^^^^^^^
  File "C:\Users\Y7000P\Desktop\New\portfolio\portfolio\views.py", line 25, in home_view
    return render(request, 'portfolio/home.html', context)
           ^^^^^^^^^^^^^^^^^^^^^^^^^^^^^^^^^^^^^^^^^^^^^^^
  File "c:\Users\Y7000P\Desktop\New\portfolio\.venv\Lib\site-packages\django\shortcuts.py", line 24, in render
    content = loader.render_to_string(template_name, context, request, using=using)
              ^^^^^^^^^^^^^^^^^^^^^^^^^^^^^^^^^^^^^^^^^^^^^^^^^^^^^^^^^^^^^^^^^^^^^
  File "c:\Users\Y7000P\Desktop\New\portfolio\.venv\Lib\site-packages\django\template\loader.py", line 62, in render_to_string
    return template.render(context, request)
           ^^^^^^^^^^^^^^^^^^^^^^^^^^^^^^^^^
  File "c:\Users\Y7000P\Desktop\New\portfolio\.venv\Lib\site-packages\django\template\backends\django.py", line 61, in render
    return self.template.render(context)
           ^^^^^^^^^^^^^^^^^^^^^^^^^^^^^
  File "c:\Users\Y7000P\Desktop\New\portfolio\.venv\Lib\site-packages\django\template\base.py", line 175, in render
    return self._render(context)
           ^^^^^^^^^^^^^^^^^^^^^
  File "c:\Users\Y7000P\Desktop\New\portfolio\.venv\Lib\site-packages\django\template\base.py", line 167, in _render
    return self.nodelist.render(context)
           ^^^^^^^^^^^^^^^^^^^^^^^^^^^^^
  File "c:\Users\Y7000P\Desktop\New\portfolio\.venv\Lib\site-packages\django\template\base.py", line 1005, in render
    return SafeString("".join([node.render_annotated(context) for node in self]))
                               ^^^^^^^^^^^^^^^^^^^^^^^^^^^^^^
  File "c:\Users\Y7000P\Desktop\New\portfolio\.venv\Lib\site-packages\django\template\base.py", line 966, in render_annotated
    return self.render(context)
           ^^^^^^^^^^^^^^^^^^^^
  File "c:\Users\Y7000P\Desktop\New\portfolio\.venv\Lib\site-packages\django\template\loader_tags.py", line 132, in render
    compiled_parent = self.get_parent(context)
                      ^^^^^^^^^^^^^^^^^^^^^^^^
  File "c:\Users\Y7000P\Desktop\New\portfolio\.venv\Lib\site-packages\django\template\loader_tags.py", line 129, in get_parent
    return self.find_template(parent, context)
           ^^^^^^^^^^^^^^^^^^^^^^^^^^^^^^^^^^^
  File "c:\Users\Y7000P\Desktop\New\portfolio\.venv\Lib\site-packages\django\template\loader_tags.py", line 107, in find_template
    template, origin = context.template.engine.find_template(
                       ^^^^^^^^^^^^^^^^^^^^^^^^^^^^^^^^^^^^^^
  File "c:\Users\Y7000P\Desktop\New\portfolio\.venv\Lib\site-packages\django\template\engine.py", line 157, in find_template
    template = loader.get_template(name, skip=skip)
               ^^^^^^^^^^^^^^^^^^^^^^^^^^^^^^^^^^^^
  File "c:\Users\Y7000P\Desktop\New\portfolio\.venv\Lib\site-packages\django\template\loaders\cached.py", line 57, in get_template
    template = super().get_template(template_name, skip)
               ^^^^^^^^^^^^^^^^^^^^^^^^^^^^^^^^^^^^^^^^^
  File "c:\Users\Y7000P\Desktop\New\portfolio\.venv\Lib\site-packages\django\template\loaders\base.py", line 28, in get_template
    return Template(
           ^^^^^^^^^
  File "c:\Users\Y7000P\Desktop\New\portfolio\.venv\Lib\site-packages\django\template\base.py", line 154, in __init__
    self.nodelist = self.compile_nodelist()
                    ^^^^^^^^^^^^^^^^^^^^^^^
  File "c:\Users\Y7000P\Desktop\New\portfolio\.venv\Lib\site-packages\django\template\base.py", line 200, in compile_nodelist
    return parser.parse()
           ^^^^^^^^^^^^^^
  File "c:\Users\Y7000P\Desktop\New\portfolio\.venv\Lib\site-packages\django\template\base.py", line 507, in parse
    self.invalid_block_tag(token, command, parse_until)
  File "c:\Users\Y7000P\Desktop\New\portfolio\.venv\Lib\site-packages\django\template\base.py", line 568, in invalid_block_tag
    raise self.error(
django.template.exceptions.TemplateSyntaxError: Invalid block tag on line 29: 'static'. Did you forget to register or load this tag?
"GET / HTTP/1.1" 500 193555
"GET / HTTP/1.1" 200 29352
"GET /static/images/django-icon.svg HTTP/1.1" 200 1624
"GET /about/ HTTP/1.1" 200 36933
"GET /courses/ HTTP/1.1" 200 31882
"GET /contact/ HTTP/1.1" 200 33708
"GET /contact/ HTTP/1.1" 200 33646
"GET /static/images/django-icon.svg HTTP/1.1" 304 0
"GET / HTTP/1.1" 200 29290
"GET /admin/portfolio/profile/ HTTP/1.1" 200 11203
"GET /admin/jsi18n/ HTTP/1.1" 200 8817
"GET /admin/portfolio/course/ HTTP/1.1" 200 15635
"GET /admin/jsi18n/ HTTP/1.1" 200 8817
"GET /admin/portfolio/profile/ HTTP/1.1" 200 11203
"GET /admin/jsi18n/ HTTP/1.1" 200 8817
"GET /admin/portfolio/profile/add/ HTTP/1.1" 200 19941
"GET /admin/jsi18n/ HTTP/1.1" 200 8817
Watching for file changes with StatReloader
Watching for file changes with StatReloader
"GET / HTTP/1.1" 200 29352
"GET /static/images/django-icon.svg HTTP/1.1" 200 1624
"GET /admin/ HTTP/1.1" 302 0
"GET /admin/login/?next=/admin/ HTTP/1.1" 200 4202
"GET /static/admin/css/dark_mode.css HTTP/1.1" 200 2929
"GET /static/admin/css/nav_sidebar.css HTTP/1.1" 200 2694
"GET /static/admin/css/base.css HTTP/1.1" 200 21207
"GET /static/admin/css/login.css HTTP/1.1" 200 958
"GET /static/admin/css/responsive.css HTTP/1.1" 200 18533
"GET /static/admin/js/theme.js HTTP/1.1" 200 1943
"GET /static/admin/js/nav_sidebar.js HTTP/1.1" 200 3063
Not Found: /favicon.ico
"GET /favicon.ico HTTP/1.1" 404 3934
"POST /admin/login/?next=/admin/ HTTP/1.1" 200 4360
"POST /admin/login/?next=/admin/ HTTP/1.1" 200 4360
"POST /admin/login/?next=/admin/ HTTP/1.1" 302 0
"GET /admin/ HTTP/1.1" 200 9248
"GET /static/admin/css/dashboard.css HTTP/1.1" 200 441
"GET /static/admin/img/icon-addlink.svg HTTP/1.1" 200 331
"GET /static/admin/img/icon-changelink.svg HTTP/1.1" 200 380
"GET /admin/portfolio/course/ HTTP/1.1" 200 15635
"GET /static/admin/css/changelists.css HTTP/1.1" 200 6566
"GET /static/admin/css/forms.css HTTP/1.1" 200 9047
"GET /admin/jsi18n/ HTTP/1.1" 200 8817
"GET /static/admin/js/jquery.init.js HTTP/1.1" 200 347
"GET /static/admin/js/core.js HTTP/1.1" 200 5682
"GET /static/admin/js/actions.js HTTP/1.1" 200 7872
"GET /static/admin/js/admin/RelatedObjectLookups.js HTTP/1.1" 200 8943
"GET /static/admin/js/urlify.js HTTP/1.1" 200 7887
"GET /static/admin/img/search.svg HTTP/1.1" 200 458
"GET /static/admin/css/widgets.css HTTP/1.1" 200 11900
"GET /static/admin/js/prepopulate.js HTTP/1.1" 200 1531
"GET /static/admin/js/vendor/jquery/jquery.js HTTP/1.1" 200 292458
"GET /static/admin/js/vendor/xregexp/xregexp.js HTTP/1.1" 200 232381
"GET /static/admin/js/filters.js HTTP/1.1" 200 978
"GET /static/admin/img/sorting-icons.svg HTTP/1.1" 200 1097
"GET /static/admin/img/tooltag-add.svg HTTP/1.1" 200 331
"GET /admin/portfolio/course/1/change/ HTTP/1.1" 200 23033
"GET /admin/jsi18n/ HTTP/1.1" 200 8817
"GET /static/admin/img/icon-viewlink.svg HTTP/1.1" 200 581
"GET /static/admin/js/prepopulate_init.js HTTP/1.1" 200 586
"GET /static/admin/js/collapse.js HTTP/1.1" 200 1803
"GET /static/admin/js/change_form.js HTTP/1.1" 200 606
"GET /static/admin/img/tooltag-arrowright.svg HTTP/1.1" 200 280
"GET /admin/portfolio/profile/ HTTP/1.1" 200 11203
"GET /admin/jsi18n/ HTTP/1.1" 200 8817
"GET /admin/portfolio/profile/add/ HTTP/1.1" 200 19941
"GET /admin/jsi18n/ HTTP/1.1" 200 8817
"GET /admin/portfolio/podcastepisode/ HTTP/1.1" 200 11750
"GET /admin/jsi18n/ HTTP/1.1" 200 8817
"GET /admin/portfolio/category/ HTTP/1.1" 200 13474
"GET /admin/jsi18n/ HTTP/1.1" 200 8817
"GET /admin/portfolio/blogpost/ HTTP/1.1" 200 11580
"GET /admin/jsi18n/ HTTP/1.1" 200 8817
"GET /admin/portfolio/blogpost/add/ HTTP/1.1" 200 16704
"GET /admin/jsi18n/ HTTP/1.1" 200 8817
"GET /admin/portfolio/course/ HTTP/1.1" 200 15635
"GET /admin/jsi18n/ HTTP/1.1" 200 8817
"GET /admin/portfolio/profile/ HTTP/1.1" 200 11203
"GET /admin/jsi18n/ HTTP/1.1" 200 8817
"GET /admin/portfolio/profile/add/ HTTP/1.1" 200 19941
"GET /admin/jsi18n/ HTTP/1.1" 200 8817
"POST /admin/portfolio/profile/add/ HTTP/1.1" 302 0
"GET /admin/portfolio/profile/ HTTP/1.1" 200 13428
"GET /static/admin/css/base.css HTTP/1.1" 304 0
"GET /static/admin/css/dark_mode.css HTTP/1.1" 304 0
"GET /static/admin/css/nav_sidebar.css HTTP/1.1" 304 0
"GET /static/admin/css/responsive.css HTTP/1.1" 304 0
"GET /admin/jsi18n/ HTTP/1.1" 200 8817
"GET /static/admin/js/theme.js HTTP/1.1" 304 0
"GET /static/admin/js/nav_sidebar.js HTTP/1.1" 304 0
"GET /static/admin/img/icon-yes.svg HTTP/1.1" 200 436
"GET /admin/portfolio/profile/1/change/ HTTP/1.1" 200 21441
"GET /admin/jsi18n/ HTTP/1.1" 200 8817
"POST /admin/portfolio/profile/1/change/ HTTP/1.1" 302 0
"GET /admin/portfolio/profile/ HTTP/1.1" 200 13434
"GET /admin/jsi18n/ HTTP/1.1" 200 8817
"GET / HTTP/1.1" 200 29201
"GET /about/ HTTP/1.1" 200 36933
"GET /courses/ HTTP/1.1" 200 31882
"GET /contact/ HTTP/1.1" 200 33708
Watching for file changes with StatReloader
Internal Server Error: /
Traceback (most recent call last):
  File "c:\Users\Y7000P\Desktop\New\portfolio\.venv\Lib\site-packages\django\db\backends\utils.py", line 89, in _execute
    return self.cursor.execute(sql, params)
           ^^^^^^^^^^^^^^^^^^^^^^^^^^^^^^^^
  File "c:\Users\Y7000P\Desktop\New\portfolio\.venv\Lib\site-packages\django\db\backends\sqlite3\base.py", line 328, in execute
    return super().execute(query, params)
           ^^^^^^^^^^^^^^^^^^^^^^^^^^^^^^
sqlite3.OperationalError: no such table: portfolio_profile

The above exception was the direct cause of the following exception:

Traceback (most recent call last):
  File "c:\Users\Y7000P\Desktop\New\portfolio\.venv\Lib\site-packages\django\core\handlers\exception.py", line 55, in inner
    response = get_response(request)
               ^^^^^^^^^^^^^^^^^^^^^
  File "c:\Users\Y7000P\Desktop\New\portfolio\.venv\Lib\site-packages\django\core\handlers\base.py", line 197, in _get_response
    response = wrapped_callback(request, *callback_args, **callback_kwargs)
               ^^^^^^^^^^^^^^^^^^^^^^^^^^^^^^^^^^^^^^^^^^^^^^^^^^^^^^^^^^^^
  File "C:\Users\Y7000P\Desktop\New\portfolio\portfolio\views.py", line 12, in home_view
    profile = Profile.objects.first()
              ^^^^^^^^^^^^^^^^^^^^^^^
  File "c:\Users\Y7000P\Desktop\New\portfolio\.venv\Lib\site-packages\django\db\models\manager.py", line 87, in manager_method
    return getattr(self.get_queryset(), name)(*args, **kwargs)
           ^^^^^^^^^^^^^^^^^^^^^^^^^^^^^^^^^^^^^^^^^^^^^^^^^^^
  File "c:\Users\Y7000P\Desktop\New\portfolio\.venv\Lib\site-packages\django\db\models\query.py", line 1057, in first
    for obj in queryset[:1]:
               ~~~~~~~~^^^^
  File "c:\Users\Y7000P\Desktop\New\portfolio\.venv\Lib\site-packages\django\db\models\query.py", line 398, in __iter__
    self._fetch_all()
  File "c:\Users\Y7000P\Desktop\New\portfolio\.venv\Lib\site-packages\django\db\models\query.py", line 1881, in _fetch_all
    self._result_cache = list(self._iterable_class(self))
                         ^^^^^^^^^^^^^^^^^^^^^^^^^^^^^^^^
  File "c:\Users\Y7000P\Desktop\New\portfolio\.venv\Lib\site-packages\django\db\models\query.py", line 91, in __iter__
    results = compiler.execute_sql(
              ^^^^^^^^^^^^^^^^^^^^^
  File "c:\Users\Y7000P\Desktop\New\portfolio\.venv\Lib\site-packages\django\db\models\sql\compiler.py", line 1562, in execute_sql
    cursor.execute(sql, params)
  File "c:\Users\Y7000P\Desktop\New\portfolio\.venv\Lib\site-packages\django\db\backends\utils.py", line 102, in execute
    return super().execute(sql, params)
           ^^^^^^^^^^^^^^^^^^^^^^^^^^^^
  File "c:\Users\Y7000P\Desktop\New\portfolio\.venv\Lib\site-packages\django\db\backends\utils.py", line 67, in execute
    return self._execute_with_wrappers(
           ^^^^^^^^^^^^^^^^^^^^^^^^^^^^
  File "c:\Users\Y7000P\Desktop\New\portfolio\.venv\Lib\site-packages\django\db\backends\utils.py", line 80, in _execute_with_wrappers
    return executor(sql, params, many, context)
           ^^^^^^^^^^^^^^^^^^^^^^^^^^^^^^^^^^^^
  File "c:\Users\Y7000P\Desktop\New\portfolio\.venv\Lib\site-packages\django\db\backends\utils.py", line 84, in _execute
    with self.db.wrap_database_errors:
         ^^^^^^^^^^^^^^^^^^^^^^^^^^^^
  File "c:\Users\Y7000P\Desktop\New\portfolio\.venv\Lib\site-packages\django\db\utils.py", line 91, in __exit__
    raise dj_exc_value.with_traceback(traceback) from exc_value
  File "c:\Users\Y7000P\Desktop\New\portfolio\.venv\Lib\site-packages\django\db\backends\utils.py", line 89, in _execute
    return self.cursor.execute(sql, params)
           ^^^^^^^^^^^^^^^^^^^^^^^^^^^^^^^^
  File "c:\Users\Y7000P\Desktop\New\portfolio\.venv\Lib\site-packages\django\db\backends\sqlite3\base.py", line 328, in execute
    return super().execute(query, params)
           ^^^^^^^^^^^^^^^^^^^^^^^^^^^^^^
django.db.utils.OperationalError: no such table: portfolio_profile
"GET / HTTP/1.1" 500 148449
Watching for file changes with StatReloader
"GET / HTTP/1.1" 200 29352
"GET /about/ HTTP/1.1" 200 36933
"GET /courses/ HTTP/1.1" 200 30545
"GET /contact/ HTTP/1.1" 200 33708
